0 info it worked if it ends with ok
1 verbose cli [ '/home/zakk/.nvm/versions/node/v6.11.4/bin/node',
1 verbose cli   '/home/zakk/.nvm/versions/node/v6.11.4/bin/npm',
1 verbose cli   'run',
1 verbose cli   'web' ]
2 info using npm@3.10.10
3 info using node@v6.11.4
4 verbose stack Error: missing script: web
4 verbose stack     at run (/home/zakk/.nvm/versions/node/v6.11.4/lib/node_modules/npm/lib/run-script.js:151:19)
4 verbose stack     at /home/zakk/.nvm/versions/node/v6.11.4/lib/node_modules/npm/lib/run-script.js:61:5
4 verbose stack     at /home/zakk/.nvm/versions/node/v6.11.4/lib/node_modules/npm/node_modules/read-package-json/read-json.js:356:5
4 verbose stack     at checkBinReferences_ (/home/zakk/.nvm/versions/node/v6.11.4/lib/node_modules/npm/node_modules/read-package-json/read-json.js:320:45)
4 verbose stack     at final (/home/zakk/.nvm/versions/node/v6.11.4/lib/node_modules/npm/node_modules/read-package-json/read-json.js:354:3)
4 verbose stack     at then (/home/zakk/.nvm/versions/node/v6.11.4/lib/node_modules/npm/node_modules/read-package-json/read-json.js:124:5)
4 verbose stack     at /home/zakk/.nvm/versions/node/v6.11.4/lib/node_modules/npm/node_modules/read-package-json/read-json.js:311:12
4 verbose stack     at /home/zakk/.nvm/versions/node/v6.11.4/lib/node_modules/npm/node_modules/graceful-fs/graceful-fs.js:78:16
4 verbose stack     at tryToString (fs.js:457:3)
4 verbose stack     at FSReqWrap.readFileAfterClose [as oncomplete] (fs.js:444:12)
5 verbose cwd /home/zakk/web
6 error Linux 4.10.0-42-generic
7 error argv "/home/zakk/.nvm/versions/node/v6.11.4/bin/node" "/home/zakk/.nvm/versions/node/v6.11.4/bin/npm" "run" "web"
8 error node v6.11.4
9 error npm  v3.10.10
10 error missing script: web
11 error If you need help, you may report this error at:
11 error     <https://github.com/npm/npm/issues>
12 verbose exit [ 1, true ]
